[2026-01-19T21:11:13.640Z] CRITICAL ERROR:
Error: SQLITE_BUSY: database is locked

[2026-01-22T15:43:20.082Z] CRITICAL ERROR:
ReferenceError: deletePhysicalFile is not defined
    at Statement.<anonymous> (C:\GitHub\GestionaleDB\server.js:271:20)
    at Statement.replacement (C:\GitHub\GestionaleDB\node_modules\sqlite3\lib\trace.js:25:27)
    at Statement.replacement (C:\GitHub\GestionaleDB\node_modules\sqlite3\lib\trace.js:25:27)

[2026-01-22T15:43:26.781Z] CRITICAL ERROR:
ReferenceError: deletePhysicalFile is not defined
    at Statement.<anonymous> (C:\GitHub\GestionaleDB\server.js:271:20)
    at Statement.replacement (C:\GitHub\GestionaleDB\node_modules\sqlite3\lib\trace.js:25:27)
    at Statement.replacement (C:\GitHub\GestionaleDB\node_modules\sqlite3\lib\trace.js:25:27)

[2026-01-22T15:43:41.392Z] CRITICAL ERROR:
ReferenceError: deletePhysicalFile is not defined
    at Statement.<anonymous> (C:\GitHub\GestionaleDB\server.js:271:20)
    at Statement.replacement (C:\GitHub\GestionaleDB\node_modules\sqlite3\lib\trace.js:25:27)
    at Statement.replacement (C:\GitHub\GestionaleDB\node_modules\sqlite3\lib\trace.js:25:27)

[2026-01-22T15:45:35.535Z] CRITICAL ERROR:
ReferenceError: deletePhysicalFile is not defined
    at Statement.<anonymous> (C:\GitHub\GestionaleDB\server.js:271:20)
    at Statement.replacement (C:\GitHub\GestionaleDB\node_modules\sqlite3\lib\trace.js:25:27)
    at Statement.replacement (C:\GitHub\GestionaleDB\node_modules\sqlite3\lib\trace.js:25:27)

[2026-01-23T20:55:04.849Z] CRITICAL ERROR:
Error: EBUSY: resource busy or locked, unlink 'C:\GitHub\GestionaleDB\archivio_files\temp\backup_2026-01-23T20-54-59-827Z.db'
    at Object.unlinkSync (node:fs:1945:11)
    at Timeout._onTimeout (C:\GitHub\GestionaleDB\server.js:900:70)
    at listOnTimeout (node:internal/timers:605:17)
    at process.processTimers (node:internal/timers:541:7)

